<?xml version="1.0" encoding="UTF-8"?>
<!-- Generated by org.testng.reporters.JUnitReportReporter -->
<testsuite skipped="7" hostname="admins-MacBook-Pro.local" name="hw16selenium.Use_of_gecko_driver" tests="8" failures="0" timestamp="2022-01-07T11:12:11 EST" time="0.116" errors="1">
  <testcase name="setUp" time="0.116" classname="hw16selenium.Use_of_gecko_driver">
    <error type="org.openqa.selenium.WebDriverException" message="Cannot find firefox binary in PATH. Make sure firefox is installed. OS appears to be: MAC
Build info: version: &#039;4.1.0&#039;, revision: &#039;87802e897b&#039;
System info: host: &#039;admins-MacBook-Pro.local&#039;, ip: &#039;2607:fb90:e3a1:10bf:843e:e0ba:4e4a:293c%en0&#039;, os.name: &#039;Mac OS X&#039;, os.arch: &#039;x86_64&#039;, os.version: &#039;10.16&#039;, java.version: &#039;1.8.0_301&#039;
Driver info: driver.version: FirefoxDriver">
      <![CDATA[org.openqa.selenium.WebDriverException: Cannot find firefox binary in PATH. Make sure firefox is installed. OS appears to be: MAC
Build info: version: '4.1.0', revision: '87802e897b'
System info: host: 'admins-MacBook-Pro.local', ip: '2607:fb90:e3a1:10bf:843e:e0ba:4e4a:293c%en0', os.name: 'Mac OS X', os.arch: 'x86_64', os.version: '10.16', java.version: '1.8.0_301'
Driver info: driver.version: FirefoxDriver
at org.openqa.selenium.firefox.FirefoxBinary.<init>(FirefoxBinary.java:95)
at java.util.Optional.orElseGet(Optional.java:267)
at org.openqa.selenium.firefox.FirefoxOptions.getBinary(FirefoxOptions.java:189)
at org.openqa.selenium.firefox.GeckoDriverService$Builder.withOptions(GeckoDriverService.java:179)
at org.openqa.selenium.firefox.FirefoxDriver.toExecutor(FirefoxDriver.java:232)
at org.openqa.selenium.firefox.FirefoxDriver.<init>(FirefoxDriver.java:186)
at org.openqa.selenium.firefox.FirefoxDriver.<init>(FirefoxDriver.java:164)
at hw16selenium.Use_of_gecko_driver.setUp(Use_of_gecko_driver.java:24)
at sun.reflect.NativeMethodAccessorImpl.invoke0(Native Method)
at sun.reflect.NativeMethodAccessorImpl.invoke(NativeMethodAccessorImpl.java:62)
at sun.reflect.DelegatingMethodAccessorImpl.invoke(DelegatingMethodAccessorImpl.java:43)
at java.lang.reflect.Method.invoke(Method.java:498)
at org.testng.internal.MethodInvocationHelper.invokeMethod(MethodInvocationHelper.java:133)
at org.testng.internal.MethodInvocationHelper.invokeMethodConsideringTimeout(MethodInvocationHelper.java:62)
at org.testng.internal.ConfigInvoker.invokeConfigurationMethod(ConfigInvoker.java:385)
at org.testng.internal.ConfigInvoker.invokeConfigurations(ConfigInvoker.java:321)
at org.testng.TestRunner.invokeTestConfigurations(TestRunner.java:637)
at org.testng.TestRunner.beforeRun(TestRunner.java:627)
at org.testng.TestRunner.run(TestRunner.java:589)
at org.testng.SuiteRunner.runTest(SuiteRunner.java:377)
at org.testng.SuiteRunner.runSequentially(SuiteRunner.java:371)
at org.testng.SuiteRunner.privateRun(SuiteRunner.java:332)
at org.testng.SuiteRunner.run(SuiteRunner.java:276)
at org.testng.SuiteRunnerWorker.runSuite(SuiteRunnerWorker.java:53)
at org.testng.SuiteRunnerWorker.run(SuiteRunnerWorker.java:96)
at org.testng.TestNG.runSuitesSequentially(TestNG.java:1212)
at org.testng.TestNG.runSuitesLocally(TestNG.java:1134)
at org.testng.TestNG.runSuites(TestNG.java:1063)
at org.testng.TestNG.run(TestNG.java:1031)
at org.testng.remote.AbstractRemoteTestNG.run(AbstractRemoteTestNG.java:115)
at org.testng.remote.RemoteTestNG.initAndRun(RemoteTestNG.java:251)
at org.testng.remote.RemoteTestNG.main(RemoteTestNG.java:77)
]]>
    </error>
  </testcase> <!-- setUp -->
  <system-out/>
  <testcase name="maximize" time="0.000" classname="hw16selenium.Use_of_gecko_driver">
    <skipped/>
  </testcase> <!-- maximize -->
  <system-out/>
  <testcase name="byIndexTest" time="0.000" classname="hw16selenium.Use_of_gecko_driver">
    <skipped/>
  </testcase> <!-- byIndexTest -->
  <system-out/>
  <testcase name="byValue" time="0.000" classname="hw16selenium.Use_of_gecko_driver">
    <skipped/>
  </testcase> <!-- byValue -->
  <system-out/>
  <testcase name="byVisibleText" time="0.000" classname="hw16selenium.Use_of_gecko_driver">
    <skipped/>
  </testcase> <!-- byVisibleText -->
  <system-out/>
  <testcase name="moveToElement" time="0.000" classname="hw16selenium.Use_of_gecko_driver">
    <skipped/>
  </testcase> <!-- moveToElement -->
  <system-out/>
  <testcase name="acceptAlertMethod" time="0.000" classname="hw16selenium.Use_of_gecko_driver">
    <skipped/>
  </testcase> <!-- acceptAlertMethod -->
  <system-out/>
  <testcase name="dismissAlertMethod" time="0.000" classname="hw16selenium.Use_of_gecko_driver">
    <skipped/>
  </testcase> <!-- dismissAlertMethod -->
  <system-out/>
</testsuite> <!-- hw16selenium.Use_of_gecko_driver -->
